<?xml version="1.0" encoding="UTF-8"?>
<!-- Generated by org.testng.reporters.JUnitXMLReporter -->
<testsuite hostname="LAPTOP-0MLMGFQH" ignored="0" name="Test" tests="1" failures="1" timestamp="18 May 2020 17:42:11 GMT" time="30.093" errors="0">
  <testcase name="login" time="0.016" classname="com.testcases.Logintestcases">
    <failure type="java.lang.NullPointerException">
      <![CDATA[java.lang.NullPointerException
at com.pages.Facebooklogin.loginToApp_username(Facebooklogin.java:19)
at com.testcases.Logintestcases.login(Logintestcases.java:31)
at java.util.concurrent.ThreadPoolExecutor.runWorker(ThreadPoolExecutor.java:1149)
at java.util.concurrent.ThreadPoolExecutor$Worker.run(ThreadPoolExecutor.java:624)
at java.lang.Thread.run(Thread.java:748)
... Removed 10 stack frames]]>
    </failure>
  </testcase> <!-- login -->
</testsuite> <!-- Test -->
