<?xml version="1.0" encoding="UTF-8"?>
<testng-results skipped="0" failed="1" ignored="0" total="1" passed="0">
  <reporter-output>
  </reporter-output>
  <suite name="Suite" duration-ms="30093" started-at="2020-05-18T17:41:41Z" finished-at="2020-05-18T17:42:11Z">
    <groups>
    </groups>
    <test name="Test" duration-ms="30093" started-at="2020-05-18T17:41:41Z" finished-at="2020-05-18T17:42:11Z">
      <class name="com.testcases.Logintestcases">
        <test-method status="PASS" signature="startUp()[pri:0, instance:com.testcases.Logintestcases@2d554825]" name="startUp" is-config="true" duration-ms="25868" started-at="2020-05-18T17:41:41Z" finished-at="2020-05-18T17:42:07Z">
          <reporter-output>
          </reporter-output>
        </test-method> <!-- startUp -->
        <test-method status="FAIL" signature="login()[pri:0, instance:com.testcases.Logintestcases@2d554825]" name="login" duration-ms="16" started-at="2020-05-18T17:42:07Z" finished-at="2020-05-18T17:42:07Z">
          <exception class="java.lang.NullPointerException">
            <full-stacktrace>
              <![CDATA[java.lang.NullPointerException
at com.pages.Facebooklogin.loginToApp_username(Facebooklogin.java:19)
at com.testcases.Logintestcases.login(Logintestcases.java:31)
at sun.reflect.NativeMethodAccessorImpl.invoke0(Native Method)
at sun.reflect.NativeMethodAccessorImpl.invoke(NativeMethodAccessorImpl.java:62)
at sun.reflect.DelegatingMethodAccessorImpl.invoke(DelegatingMethodAccessorImpl.java:43)
at java.lang.reflect.Method.invoke(Method.java:498)
at org.testng.internal.MethodInvocationHelper.invokeMethod(MethodInvocationHelper.java:124)
at org.testng.internal.Invoker.invokeMethod(Invoker.java:583)
at org.testng.internal.Invoker.invokeTestMethod(Invoker.java:719)
at org.testng.internal.Invoker.invokeTestMethods(Invoker.java:989)
at org.testng.internal.TestMethodWorker.invokeTestMethods(TestMethodWorker.java:125)
at org.testng.internal.TestMethodWorker.run(TestMethodWorker.java:109)
at java.util.concurrent.ThreadPoolExecutor.runWorker(ThreadPoolExecutor.java:1149)
at java.util.concurrent.ThreadPoolExecutor$Worker.run(ThreadPoolExecutor.java:624)
at java.lang.Thread.run(Thread.java:748)
]]>
            </full-stacktrace>
          </exception> <!-- java.lang.NullPointerException -->
          <reporter-output>
          </reporter-output>
        </test-method> <!-- login -->
        <test-method status="PASS" signature="close()[pri:0, instance:com.testcases.Logintestcases@2d554825]" name="close" is-config="true" duration-ms="4137" started-at="2020-05-18T17:42:07Z" finished-at="2020-05-18T17:42:11Z">
          <reporter-output>
          </reporter-output>
        </test-method> <!-- close -->
      </class> <!-- com.testcases.Logintestcases -->
    </test> <!-- Test -->
  </suite> <!-- Suite -->
</testng-results>
