-------------------------------------------------------------------------------
Test set: TestSuite
-------------------------------------------------------------------------------
Tests run: 1, Failures: 1, Errors: 0, Skipped: 0, Time elapsed: 31.587 s <<< FAILURE! - in TestSuite
com.testcases.Logintestcases.login  Time elapsed: 0.053 s  <<< FAILURE!
java.lang.NullPointerException
	at com.testcases.Logintestcases.login(Logintestcases.java:31)

