<?xml version="1.0" encoding="UTF-8"?>
<testng-results skipped="0" failed="0" ignored="0" total="1" passed="1">
  <reporter-output>
  </reporter-output>
  <suite name="Default suite" duration-ms="22100" started-at="2020-04-28T18:48:48Z" finished-at="2020-04-28T18:49:11Z">
    <groups>
    </groups>
    <test name="Default test" duration-ms="22100" started-at="2020-04-28T18:48:48Z" finished-at="2020-04-28T18:49:11Z">
      <class name="com.testcases.orangetest">
        <test-method status="PASS" signature="startup()[pri:0, instance:com.testcases.orangetest@61832929]" name="startup" is-config="true" duration-ms="15213" started-at="2020-04-28T18:48:48Z" finished-at="2020-04-28T18:49:04Z">
          <reporter-output>
          </reporter-output>
        </test-method> <!-- startup -->
        <test-method status="PASS" signature="loginpage()[pri:0, instance:com.testcases.orangetest@61832929]" name="loginpage" duration-ms="4401" started-at="2020-04-28T18:49:04Z" finished-at="2020-04-28T18:49:08Z">
          <reporter-output>
          </reporter-output>
        </test-method> <!-- loginpage -->
        <test-method status="PASS" signature="close()[pri:0, instance:com.testcases.orangetest@61832929]" name="close" is-config="true" duration-ms="2424" started-at="2020-04-28T18:49:08Z" finished-at="2020-04-28T18:49:11Z">
          <reporter-output>
          </reporter-output>
        </test-method> <!-- close -->
      </class> <!-- com.testcases.orangetest -->
    </test> <!-- Default test -->
  </suite> <!-- Default suite -->
</testng-results>
